{"/Users/nencybatada/Documents/Projects/Antigravity/Challenge3/src/App.tsx": {"path":"/Users/nencybatada/Documents/Projects/Antigravity/Challenge3/src/App.tsx","statementMap":{"0":{"start":{"line":11,"column":2},"end":{"line":28,"column":null}}},"fnMap":{"0":{"name":"App","decl":{"start":{"line":10,"column":9},"end":{"line":10,"column":15}},"loc":{"start":{"line":10,"column":15},"end":{"line":30,"column":null}},"line":10}},"branchMap":{},"s":{"0":0},"f":{"0":0},"b":{},"meta":{"lastBranch":0,"lastFunction":1,"lastStatement":1,"seen":{"f:10:9:10:15":0,"s:11:2:28:Infinity":0},"fnNames":{}}}
,"/Users/nencybatada/Documents/Projects/Antigravity/Challenge3/src/components/ActionCard.tsx": {"path":"/Users/nencybatada/Documents/Projects/Antigravity/Challenge3/src/components/ActionCard.tsx","statementMap":{"0":{"start":{"line":10,"column":47},"end":{"line":14,"column":null}},"1":{"start":{"line":16,"column":53},"end":{"line":96,"column":null}},"2":{"start":{"line":17,"column":22},"end":{"line":17,"column":null}},"3":{"start":{"line":19,"column":2},"end":{"line":94,"column":null}},"4":{"start":{"line":43,"column":25},"end":{"line":43,"column":null}}},"fnMap":{"0":{"name":"(anonymous_0)","decl":{"start":{"line":16,"column":59},"end":{"line":16,"column":65}},"loc":{"start":{"line":16,"column":90},"end":{"line":96,"column":1}},"line":16},"1":{"name":"(anonymous_1)","decl":{"start":{"line":43,"column":10},"end":{"line":43,"column":25}},"loc":{"start":{"line":43,"column":25},"end":{"line":43,"column":null}},"line":43}},"branchMap":{"0":{"loc":{"start":{"line":17,"column":22},"end":{"line":17,"column":null}},"type":"cond-expr","locations":[{"start":{"line":17,"column":41},"end":{"line":17,"column":61}},{"start":{"line":17,"column":61},"end":{"line":17,"column":null}}],"line":17},"1":{"loc":{"start":{"line":17,"column":61},"end":{"line":17,"column":null}},"type":"binary-expr","locations":[{"start":{"line":17,"column":61},"end":{"line":17,"column":94}},{"start":{"line":17,"column":94},"end":{"line":17,"column":null}}],"line":17},"2":{"loc":{"start":{"line":21,"column":31},"end":{"line":21,"column":null}},"type":"cond-expr","locations":[{"start":{"line":21,"column":50},"end":{"line":21,"column":69}},{"start":{"line":21,"column":69},"end":{"line":21,"column":null}}],"line":21},"3":{"loc":{"start":{"line":22,"column":44},"end":{"line":22,"column":null}},"type":"cond-expr","locations":[{"start":{"line":22,"column":63},"end":{"line":22,"column":80}},{"start":{"line":22,"column":80},"end":{"line":22,"column":null}}],"line":22},"4":{"loc":{"start":{"line":26,"column":17},"end":{"line":26,"column":null}},"type":"cond-expr","locations":[{"start":{"line":26,"column":36},"end":{"line":26,"column":43}},{"start":{"line":26,"column":43},"end":{"line":26,"column":null}}],"line":26},"5":{"loc":{"start":{"line":36,"column":28},"end":{"line":36,"column":null}},"type":"cond-expr","locations":[{"start":{"line":36,"column":47},"end":{"line":36,"column":64}},{"start":{"line":36,"column":64},"end":{"line":36,"column":null}}],"line":36},"6":{"loc":{"start":{"line":37,"column":19},"end":{"line":37,"column":null}},"type":"cond-expr","locations":[{"start":{"line":37,"column":38},"end":{"line":37,"column":60}},{"start":{"line":37,"column":60},"end":{"line":37,"column":null}}],"line":37},"7":{"loc":{"start":{"line":44,"column":22},"end":{"line":44,"column":null}},"type":"cond-expr","locations":[{"start":{"line":44,"column":41},"end":{"line":44,"column":82}},{"start":{"line":44,"column":82},"end":{"line":44,"column":null}}],"line":44},"8":{"loc":{"start":{"line":50,"column":19},"end":{"line":50,"column":null}},"type":"cond-expr","locations":[{"start":{"line":50,"column":38},"end":{"line":50,"column":57}},{"start":{"line":50,"column":57},"end":{"line":50,"column":null}}],"line":50},"9":{"loc":{"start":{"line":54,"column":11},"end":{"line":56,"column":null}},"type":"cond-expr","locations":[{"start":{"line":55,"column":14},"end":{"line":56,"column":15}},{"start":{"line":56,"column":14},"end":{"line":56,"column":null}}],"line":54},"10":{"loc":{"start":{"line":74,"column":19},"end":{"line":74,"column":null}},"type":"binary-expr","locations":[{"start":{"line":74,"column":19},"end":{"line":74,"column":52}},{"start":{"line":74,"column":52},"end":{"line":74,"column":null}}],"line":74}},"s":{"0":1,"1":1,"2":11,"3":11,"4":2},"f":{"0":11,"1":2},"b":{"0":[1,10],"1":[10,0],"2":[1,10],"3":[1,10],"4":[1,10],"5":[1,10],"6":[1,10],"7":[1,10],"8":[1,10],"9":[1,10],"10":[11,0]},"meta":{"lastBranch":11,"lastFunction":2,"lastStatement":5,"seen":{"s:10:47:14:Infinity":0,"s:16:53:96:Infinity":1,"f:16:59:16:65":0,"s:17:22:17:Infinity":2,"b:17:41:17:61:17:61:17:Infinity":0,"b:17:61:17:94:17:94:17:Infinity":1,"s:19:2:94:Infinity":3,"b:21:50:21:69:21:69:21:Infinity":2,"b:22:63:22:80:22:80:22:Infinity":3,"b:26:36:26:43:26:43:26:Infinity":4,"b:36:47:36:64:36:64:36:Infinity":5,"b:37:38:37:60:37:60:37:Infinity":6,"f:43:10:43:25":1,"s:43:25:43:Infinity":4,"b:44:41:44:82:44:82:44:Infinity":7,"b:50:38:50:57:50:57:50:Infinity":8,"b:55:14:56:15:56:14:56:Infinity":9,"b:74:19:74:52:74:52:74:Infinity":10},"fnNames":{}}}
,"/Users/nencybatada/Documents/Projects/Antigravity/Challenge3/src/components/ErrorBoundary.tsx": {"path":"/Users/nencybatada/Documents/Projects/Antigravity/Challenge3/src/components/ErrorBoundary.tsx","statementMap":{"0":{"start":{"line":13,"column":24},"end":{"line":16,"column":null}},"1":{"start":{"line":19,"column":4},"end":{"line":19,"column":null}},"2":{"start":{"line":23,"column":4},"end":{"line":23,"column":null}},"3":{"start":{"line":27,"column":4},"end":{"line":37,"column":null}},"4":{"start":{"line":28,"column":6},"end":{"line":35,"column":null}},"5":{"start":{"line":32,"column":33},"end":{"line":32,"column":59}},"6":{"start":{"line":39,"column":4},"end":{"line":39,"column":null}}},"fnMap":{"0":{"name":"getDerivedStateFromError","decl":{"start":{"line":18,"column":16},"end":{"line":18,"column":41}},"loc":{"start":{"line":18,"column":62},"end":{"line":20,"column":null}},"line":18},"1":{"name":"componentDidCatch","decl":{"start":{"line":22,"column":2},"end":{"line":22,"column":9}},"loc":{"start":{"line":22,"column":63},"end":{"line":24,"column":null}},"line":22},"2":{"name":"render","decl":{"start":{"line":26,"column":2},"end":{"line":26,"column":9}},"loc":{"start":{"line":26,"column":18},"end":{"line":40,"column":null}},"line":26},"3":{"name":"(anonymous_3)","decl":{"start":{"line":32,"column":18},"end":{"line":32,"column":33}},"loc":{"start":{"line":32,"column":33},"end":{"line":32,"column":59}},"line":32}},"branchMap":{"0":{"loc":{"start":{"line":27,"column":4},"end":{"line":37,"column":null}},"type":"if","locations":[{"start":{"line":27,"column":4},"end":{"line":37,"column":null}},{"start":{},"end":{}}],"line":27}},"s":{"0":5,"1":4,"2":2,"3":9,"4":4,"5":1,"6":5},"f":{"0":1,"1":2,"2":9,"3":1},"b":{"0":[4,5]},"meta":{"lastBranch":1,"lastFunction":4,"lastStatement":7,"seen":{"s:13:24:16:Infinity":0,"f:18:16:18:41":0,"s:19:4:19:Infinity":1,"f:22:2:22:9":1,"s:23:4:23:Infinity":2,"f:26:2:26:9":2,"b:27:4:37:Infinity:undefined:undefined:undefined:undefined":0,"s:27:4:37:Infinity":3,"s:28:6:35:Infinity":4,"f:32:18:32:33":3,"s:32:33:32:59":5,"s:39:4:39:Infinity":6},"fnNames":{}}}
,"/Users/nencybatada/Documents/Projects/Antigravity/Challenge3/src/components/Footer.tsx": {"path":"/Users/nencybatada/Documents/Projects/Antigravity/Challenge3/src/components/Footer.tsx","statementMap":{"0":{"start":{"line":3,"column":13},"end":{"line":9,"column":null}},"1":{"start":{"line":4,"column":2},"end":{"line":9,"column":null}}},"fnMap":{"0":{"name":"(anonymous_0)","decl":{"start":{"line":3,"column":13},"end":{"line":3,"column":null}},"loc":{"start":{"line":4,"column":2},"end":{"line":9,"column":null}},"line":4}},"branchMap":{},"s":{"0":1,"1":3},"f":{"0":3},"b":{},"meta":{"lastBranch":0,"lastFunction":1,"lastStatement":2,"seen":{"s:3:13:9:Infinity":0,"f:3:13:3:Infinity":0,"s:4:2:9:Infinity":1},"fnNames":{}}}
,"/Users/nencybatada/Documents/Projects/Antigravity/Challenge3/src/components/Navbar.tsx": {"path":"/Users/nencybatada/Documents/Projects/Antigravity/Challenge3/src/components/Navbar.tsx","statementMap":{"0":{"start":{"line":5,"column":13},"end":{"line":49,"column":null}},"1":{"start":{"line":6,"column":8},"end":{"line":6,"column":null}},"2":{"start":{"line":7,"column":8},"end":{"line":7,"column":null}},"3":{"start":{"line":7,"column":37},"end":{"line":7,"column":null}},"4":{"start":{"line":9,"column":2},"end":{"line":47,"column":null}}},"fnMap":{"0":{"name":"(anonymous_0)","decl":{"start":{"line":5,"column":13},"end":{"line":5,"column":38}},"loc":{"start":{"line":5,"column":38},"end":{"line":49,"column":null}},"line":5},"1":{"name":"(anonymous_1)","decl":{"start":{"line":7,"column":8},"end":{"line":7,"column":20}},"loc":{"start":{"line":7,"column":37},"end":{"line":7,"column":null}},"line":7}},"branchMap":{"0":{"loc":{"start":{"line":19,"column":35},"end":{"line":19,"column":null}},"type":"cond-expr","locations":[{"start":{"line":19,"column":51},"end":{"line":19,"column":62}},{"start":{"line":19,"column":62},"end":{"line":19,"column":null}}],"line":19},"1":{"loc":{"start":{"line":20,"column":26},"end":{"line":20,"column":null}},"type":"cond-expr","locations":[{"start":{"line":20,"column":42},"end":{"line":20,"column":51}},{"start":{"line":20,"column":51},"end":{"line":20,"column":null}}],"line":20},"2":{"loc":{"start":{"line":29,"column":35},"end":{"line":29,"column":null}},"type":"cond-expr","locations":[{"start":{"line":29,"column":61},"end":{"line":29,"column":72}},{"start":{"line":29,"column":72},"end":{"line":29,"column":null}}],"line":29},"3":{"loc":{"start":{"line":30,"column":26},"end":{"line":30,"column":null}},"type":"cond-expr","locations":[{"start":{"line":30,"column":52},"end":{"line":30,"column":61}},{"start":{"line":30,"column":61},"end":{"line":30,"column":null}}],"line":30},"4":{"loc":{"start":{"line":39,"column":35},"end":{"line":39,"column":null}},"type":"cond-expr","locations":[{"start":{"line":39,"column":60},"end":{"line":39,"column":71}},{"start":{"line":39,"column":71},"end":{"line":39,"column":null}}],"line":39},"5":{"loc":{"start":{"line":40,"column":26},"end":{"line":40,"column":null}},"type":"cond-expr","locations":[{"start":{"line":40,"column":51},"end":{"line":40,"column":60}},{"start":{"line":40,"column":60},"end":{"line":40,"column":null}}],"line":40}},"s":{"0":1,"1":5,"2":5,"3":30,"4":5},"f":{"0":5,"1":30},"b":{"0":[4,1],"1":[4,1],"2":[1,4],"3":[1,4],"4":[0,5],"5":[0,5]},"meta":{"lastBranch":6,"lastFunction":2,"lastStatement":5,"seen":{"s:5:13:49:Infinity":0,"f:5:13:5:38":0,"s:6:8:6:Infinity":1,"s:7:8:7:Infinity":2,"f:7:8:7:20":1,"s:7:37:7:Infinity":3,"s:9:2:47:Infinity":4,"b:19:51:19:62:19:62:19:Infinity":0,"b:20:42:20:51:20:51:20:Infinity":1,"b:29:61:29:72:29:72:29:Infinity":2,"b:30:52:30:61:30:61:30:Infinity":3,"b:39:60:39:71:39:71:39:Infinity":4,"b:40:51:40:60:40:60:40:Infinity":5},"fnNames":{}}}
,"/Users/nencybatada/Documents/Projects/Antigravity/Challenge3/src/pages/Assistant.tsx": {"path":"/Users/nencybatada/Documents/Projects/Antigravity/Challenge3/src/pages/Assistant.tsx","statementMap":{"0":{"start":{"line":5,"column":13},"end":{"line":273,"column":null}},"1":{"start":{"line":6,"column":66},"end":{"line":6,"column":null}},"2":{"start":{"line":7,"column":16},"end":{"line":7,"column":null}},"3":{"start":{"line":8,"column":19},"end":{"line":8,"column":null}},"4":{"start":{"line":9,"column":8},"end":{"line":9,"column":null}},"5":{"start":{"line":11,"column":2},"end":{"line":13,"column":null}},"6":{"start":{"line":12,"column":4},"end":{"line":12,"column":null}},"7":{"start":{"line":15,"column":8},"end":{"line":65,"column":null}},"8":{"start":{"line":16,"column":14},"end":{"line":16,"column":null}},"9":{"start":{"line":17,"column":59},"end":{"line":17,"column":null}},"10":{"start":{"line":19,"column":22},"end":{"line":19,"column":null}},"11":{"start":{"line":20,"column":23},"end":{"line":20,"column":null}},"12":{"start":{"line":21,"column":4},"end":{"line":21,"column":null}},"13":{"start":{"line":21,"column":31},"end":{"line":21,"column":53}},"14":{"start":{"line":21,"column":53},"end":{"line":21,"column":74}},"15":{"start":{"line":22,"column":4},"end":{"line":22,"column":null}},"16":{"start":{"line":22,"column":33},"end":{"line":22,"column":57}},"17":{"start":{"line":24,"column":27},"end":{"line":24,"column":null}},"18":{"start":{"line":26,"column":4},"end":{"line":28,"column":null}},"19":{"start":{"line":27,"column":6},"end":{"line":27,"column":null}},"20":{"start":{"line":30,"column":4},"end":{"line":38,"column":null}},"21":{"start":{"line":31,"column":6},"end":{"line":33,"column":null}},"22":{"start":{"line":32,"column":8},"end":{"line":32,"column":null}},"23":{"start":{"line":34,"column":6},"end":{"line":36,"column":null}},"24":{"start":{"line":35,"column":8},"end":{"line":35,"column":null}},"25":{"start":{"line":37,"column":6},"end":{"line":37,"column":null}},"26":{"start":{"line":40,"column":4},"end":{"line":48,"column":null}},"27":{"start":{"line":41,"column":6},"end":{"line":43,"column":null}},"28":{"start":{"line":42,"column":8},"end":{"line":42,"column":null}},"29":{"start":{"line":44,"column":6},"end":{"line":46,"column":null}},"30":{"start":{"line":45,"column":8},"end":{"line":45,"column":null}},"31":{"start":{"line":47,"column":6},"end":{"line":47,"column":null}},"32":{"start":{"line":50,"column":4},"end":{"line":58,"column":null}},"33":{"start":{"line":51,"column":21},"end":{"line":51,"column":null}},"34":{"start":{"line":52,"column":6},"end":{"line":56,"column":null}},"35":{"start":{"line":53,"column":8},"end":{"line":53,"column":null}},"36":{"start":{"line":55,"column":8},"end":{"line":55,"column":null}},"37":{"start":{"line":57,"column":6},"end":{"line":57,"column":null}},"38":{"start":{"line":60,"column":4},"end":{"line":62,"column":null}},"39":{"start":{"line":61,"column":6},"end":{"line":61,"column":null}},"40":{"start":{"line":64,"column":4},"end":{"line":64,"column":null}},"41":{"start":{"line":67,"column":8},"end":{"line":94,"column":null}},"42":{"start":{"line":68,"column":4},"end":{"line":68,"column":null}},"43":{"start":{"line":69,"column":4},"end":{"line":69,"column":null}},"44":{"start":{"line":69,"column":23},"end":{"line":69,"column":null}},"45":{"start":{"line":72,"column":10},"end":{"line":82,"column":null}},"46":{"start":{"line":73,"column":6},"end":{"line":81,"column":null}},"47":{"start":{"line":74,"column":8},"end":{"line":80,"column":null}},"48":{"start":{"line":84,"column":24},"end":{"line":84,"column":null}},"49":{"start":{"line":85,"column":4},"end":{"line":85,"column":null}},"50":{"start":{"line":86,"column":4},"end":{"line":86,"column":null}},"51":{"start":{"line":87,"column":4},"end":{"line":87,"column":null}},"52":{"start":{"line":89,"column":4},"end":{"line":93,"column":null}},"53":{"start":{"line":90,"column":27},"end":{"line":90,"column":null}},"54":{"start":{"line":91,"column":6},"end":{"line":91,"column":null}},"55":{"start":{"line":92,"column":6},"end":{"line":92,"column":null}},"56":{"start":{"line":96,"column":2},"end":{"line":271,"column":null}},"57":{"start":{"line":137,"column":25},"end":{"line":137,"column":null}},"58":{"start":{"line":138,"column":10},"end":{"line":183,"column":null}},"59":{"start":{"line":231,"column":27},"end":{"line":231,"column":null}}},"fnMap":{"0":{"name":"(anonymous_0)","decl":{"start":{"line":5,"column":13},"end":{"line":5,"column":41}},"loc":{"start":{"line":5,"column":41},"end":{"line":273,"column":null}},"line":5},"1":{"name":"(anonymous_1)","decl":{"start":{"line":11,"column":2},"end":{"line":11,"column":18}},"loc":{"start":{"line":11,"column":18},"end":{"line":13,"column":5}},"line":11},"2":{"name":"(anonymous_2)","decl":{"start":{"line":15,"column":37},"end":{"line":15,"column":50}},"loc":{"start":{"line":15,"column":76},"end":{"line":65,"column":5}},"line":15},"3":{"name":"(anonymous_3)","decl":{"start":{"line":67,"column":8},"end":{"line":67,"column":22}},"loc":{"start":{"line":67,"column":45},"end":{"line":94,"column":null}},"line":67},"4":{"name":"(anonymous_4)","decl":{"start":{"line":72,"column":10},"end":{"line":72,"column":26}},"loc":{"start":{"line":72,"column":42},"end":{"line":82,"column":null}},"line":72},"5":{"name":"(anonymous_5)","decl":{"start":{"line":73,"column":25},"end":{"line":73,"column":null}},"loc":{"start":{"line":74,"column":8},"end":{"line":80,"column":null}},"line":74},"6":{"name":"(anonymous_6)","decl":{"start":{"line":89,"column":4},"end":{"line":89,"column":21}},"loc":{"start":{"line":89,"column":21},"end":{"line":93,"column":7}},"line":89},"7":{"name":"(anonymous_7)","decl":{"start":{"line":136,"column":21},"end":{"line":136,"column":26}},"loc":{"start":{"line":136,"column":34},"end":{"line":185,"column":9}},"line":136},"8":{"name":"(anonymous_8)","decl":{"start":{"line":231,"column":10},"end":{"line":231,"column":21}},"loc":{"start":{"line":231,"column":27},"end":{"line":231,"column":null}},"line":231}},"branchMap":{"0":{"loc":{"start":{"line":21,"column":4},"end":{"line":21,"column":null}},"type":"if","locations":[{"start":{"line":21,"column":4},"end":{"line":21,"column":null}},{"start":{},"end":{}}],"line":21},"1":{"loc":{"start":{"line":22,"column":4},"end":{"line":22,"column":null}},"type":"if","locations":[{"start":{"line":22,"column":4},"end":{"line":22,"column":null}},{"start":{},"end":{}}],"line":22},"2":{"loc":{"start":{"line":26,"column":4},"end":{"line":28,"column":null}},"type":"if","locations":[{"start":{"line":26,"column":4},"end":{"line":28,"column":null}},{"start":{},"end":{}}],"line":26},"3":{"loc":{"start":{"line":26,"column":8},"end":{"line":26,"column":89}},"type":"binary-expr","locations":[{"start":{"line":26,"column":8},"end":{"line":26,"column":38}},{"start":{"line":26,"column":38},"end":{"line":26,"column":61}},{"start":{"line":26,"column":61},"end":{"line":26,"column":89}}],"line":26},"4":{"loc":{"start":{"line":30,"column":4},"end":{"line":38,"column":null}},"type":"if","locations":[{"start":{"line":30,"column":4},"end":{"line":38,"column":null}},{"start":{},"end":{}}],"line":30},"5":{"loc":{"start":{"line":30,"column":8},"end":{"line":30,"column":102}},"type":"binary-expr","locations":[{"start":{"line":30,"column":8},"end":{"line":30,"column":35}},{"start":{"line":30,"column":35},"end":{"line":30,"column":56}},{"start":{"line":30,"column":56},"end":{"line":30,"column":79}},{"start":{"line":30,"column":79},"end":{"line":30,"column":102}}],"line":30},"6":{"loc":{"start":{"line":31,"column":6},"end":{"line":33,"column":null}},"type":"if","locations":[{"start":{"line":31,"column":6},"end":{"line":33,"column":null}},{"start":{},"end":{}}],"line":31},"7":{"loc":{"start":{"line":34,"column":6},"end":{"line":36,"column":null}},"type":"if","locations":[{"start":{"line":34,"column":6},"end":{"line":36,"column":null}},{"start":{},"end":{}}],"line":34},"8":{"loc":{"start":{"line":40,"column":4},"end":{"line":48,"column":null}},"type":"if","locations":[{"start":{"line":40,"column":4},"end":{"line":48,"column":null}},{"start":{},"end":{}}],"line":40},"9":{"loc":{"start":{"line":40,"column":8},"end":{"line":40,"column":116}},"type":"binary-expr","locations":[{"start":{"line":40,"column":8},"end":{"line":40,"column":30}},{"start":{"line":40,"column":30},"end":{"line":40,"column":52}},{"start":{"line":40,"column":52},"end":{"line":40,"column":73}},{"start":{"line":40,"column":73},"end":{"line":40,"column":95}},{"start":{"line":40,"column":95},"end":{"line":40,"column":116}}],"line":40},"10":{"loc":{"start":{"line":41,"column":6},"end":{"line":43,"column":null}},"type":"if","locations":[{"start":{"line":41,"column":6},"end":{"line":43,"column":null}},{"start":{},"end":{}}],"line":41},"11":{"loc":{"start":{"line":44,"column":6},"end":{"line":46,"column":null}},"type":"if","locations":[{"start":{"line":44,"column":6},"end":{"line":46,"column":null}},{"start":{},"end":{}}],"line":44},"12":{"loc":{"start":{"line":50,"column":4},"end":{"line":58,"column":null}},"type":"if","locations":[{"start":{"line":50,"column":4},"end":{"line":58,"column":null}},{"start":{},"end":{}}],"line":50},"13":{"loc":{"start":{"line":50,"column":8},"end":{"line":50,"column":104}},"type":"binary-expr","locations":[{"start":{"line":50,"column":8},"end":{"line":50,"column":32}},{"start":{"line":50,"column":32},"end":{"line":50,"column":61}},{"start":{"line":50,"column":61},"end":{"line":50,"column":84}},{"start":{"line":50,"column":84},"end":{"line":50,"column":104}}],"line":50},"14":{"loc":{"start":{"line":52,"column":6},"end":{"line":56,"column":null}},"type":"if","locations":[{"start":{"line":52,"column":6},"end":{"line":56,"column":null}},{"start":{"line":54,"column":13},"end":{"line":56,"column":null}}],"line":52},"15":{"loc":{"start":{"line":60,"column":4},"end":{"line":62,"column":null}},"type":"if","locations":[{"start":{"line":60,"column":4},"end":{"line":62,"column":null}},{"start":{},"end":{}}],"line":60},"16":{"loc":{"start":{"line":60,"column":8},"end":{"line":60,"column":92}},"type":"binary-expr","locations":[{"start":{"line":60,"column":8},"end":{"line":60,"column":31}},{"start":{"line":60,"column":31},"end":{"line":60,"column":51}},{"start":{"line":60,"column":51},"end":{"line":60,"column":72}},{"start":{"line":60,"column":72},"end":{"line":60,"column":92}}],"line":60},"17":{"loc":{"start":{"line":69,"column":4},"end":{"line":69,"column":null}},"type":"if","locations":[{"start":{"line":69,"column":4},"end":{"line":69,"column":null}},{"start":{},"end":{}}],"line":69},"18":{"loc":{"start":{"line":74,"column":8},"end":{"line":80,"column":null}},"type":"binary-expr","locations":[{"start":{"line":74,"column":8},"end":{"line":80,"column":18}},{"start":{"line":80,"column":18},"end":{"line":80,"column":null}}],"line":74},"19":{"loc":{"start":{"line":142,"column":29},"end":{"line":142,"column":62}},"type":"cond-expr","locations":[{"start":{"line":142,"column":38},"end":{"line":142,"column":46}},{"start":{"line":142,"column":46},"end":{"line":142,"column":62}}],"line":142},"20":{"loc":{"start":{"line":146,"column":27},"end":{"line":146,"column":null}},"type":"cond-expr","locations":[{"start":{"line":146,"column":36},"end":{"line":146,"column":49}},{"start":{"line":146,"column":49},"end":{"line":146,"column":null}}],"line":146},"21":{"loc":{"start":{"line":148,"column":31},"end":{"line":148,"column":null}},"type":"cond-expr","locations":[{"start":{"line":148,"column":40},"end":{"line":148,"column":56}},{"start":{"line":148,"column":56},"end":{"line":148,"column":null}}],"line":148},"22":{"loc":{"start":{"line":158,"column":35},"end":{"line":158,"column":null}},"type":"cond-expr","locations":[{"start":{"line":158,"column":44},"end":{"line":158,"column":65}},{"start":{"line":158,"column":65},"end":{"line":158,"column":null}}],"line":158},"23":{"loc":{"start":{"line":165,"column":17},"end":{"line":165,"column":null}},"type":"cond-expr","locations":[{"start":{"line":165,"column":26},"end":{"line":165,"column":67}},{"start":{"line":165,"column":66},"end":{"line":165,"column":null}}],"line":165},"24":{"loc":{"start":{"line":172,"column":30},"end":{"line":172,"column":null}},"type":"cond-expr","locations":[{"start":{"line":172,"column":39},"end":{"line":172,"column":67}},{"start":{"line":172,"column":67},"end":{"line":172,"column":null}}],"line":172},"25":{"loc":{"start":{"line":173,"column":39},"end":{"line":173,"column":null}},"type":"cond-expr","locations":[{"start":{"line":173,"column":48},"end":{"line":173,"column":75}},{"start":{"line":173,"column":75},"end":{"line":173,"column":null}}],"line":173},"26":{"loc":{"start":{"line":175,"column":32},"end":{"line":175,"column":null}},"type":"cond-expr","locations":[{"start":{"line":175,"column":41},"end":{"line":175,"column":64}},{"start":{"line":175,"column":64},"end":{"line":175,"column":null}}],"line":175},"27":{"loc":{"start":{"line":187,"column":9},"end":{"line":218,"column":null}},"type":"binary-expr","locations":[{"start":{"line":187,"column":9},"end":{"line":187,"column":null}},{"start":{"line":188,"column":10},"end":{"line":218,"column":null}}],"line":187},"28":{"loc":{"start":{"line":240,"column":20},"end":{"line":240,"column":null}},"type":"binary-expr","locations":[{"start":{"line":240,"column":20},"end":{"line":240,"column":32}},{"start":{"line":240,"column":32},"end":{"line":240,"column":null}}],"line":240}},"s":{"0":2,"1":24,"2":24,"3":24,"4":24,"5":24,"6":18,"7":24,"8":5,"9":5,"10":5,"11":5,"12":5,"13":5,"14":5,"15":5,"16":0,"17":5,"18":5,"19":1,"20":4,"21":1,"22":0,"23":1,"24":0,"25":1,"26":3,"27":1,"28":0,"29":1,"30":1,"31":0,"32":2,"33":1,"34":1,"35":0,"36":1,"37":1,"38":1,"39":1,"40":0,"41":24,"42":6,"43":6,"44":0,"45":6,"46":6,"47":0,"48":6,"49":6,"50":6,"51":6,"52":6,"53":5,"54":5,"55":5,"56":24,"57":99,"58":99,"59":6},"f":{"0":24,"1":18,"2":5,"3":6,"4":6,"5":0,"6":5,"7":99,"8":6},"b":{"0":[5,0],"1":[0,5],"2":[1,4],"3":[5,4,4],"4":[1,3],"5":[4,3,3,3],"6":[0,1],"7":[0,1],"8":[1,2],"9":[3,2,2,2,2],"10":[0,1],"11":[1,0],"12":[1,1],"13":[2,1,1,1],"14":[0,1],"15":[1,0],"16":[1,1,1,1],"17":[0,6],"18":[0,0],"19":[40,59],"20":[40,59],"21":[40,59],"22":[40,59],"23":[40,59],"24":[40,59],"25":[40,59],"26":[40,59],"27":[24,6],"28":[24,18]},"meta":{"lastBranch":29,"lastFunction":9,"lastStatement":60,"seen":{"s:5:13:273:Infinity":0,"f:5:13:5:41":0,"s:6:66:6:Infinity":1,"s:7:16:7:Infinity":2,"s:8:19:8:Infinity":3,"s:9:8:9:Infinity":4,"s:11:2:13:Infinity":5,"f:11:2:11:18":1,"s:12:4:12:Infinity":6,"s:15:8:65:Infinity":7,"f:15:37:15:50":2,"s:16:14:16:Infinity":8,"s:17:59:17:Infinity":9,"s:19:22:19:Infinity":10,"s:20:23:20:Infinity":11,"b:21:4:21:Infinity:undefined:undefined:undefined:undefined":0,"s:21:4:21:Infinity":12,"s:21:31:21:53":13,"s:21:53:21:74":14,"b:22:4:22:Infinity:undefined:undefined:undefined:undefined":1,"s:22:4:22:Infinity":15,"s:22:33:22:57":16,"s:24:27:24:Infinity":17,"b:26:4:28:Infinity:undefined:undefined:undefined:undefined":2,"s:26:4:28:Infinity":18,"b:26:8:26:38:26:38:26:61:26:61:26:89":3,"s:27:6:27:Infinity":19,"b:30:4:38:Infinity:undefined:undefined:undefined:undefined":4,"s:30:4:38:Infinity":20,"b:30:8:30:35:30:35:30:56:30:56:30:79:30:79:30:102":5,"b:31:6:33:Infinity:undefined:undefined:undefined:undefined":6,"s:31:6:33:Infinity":21,"s:32:8:32:Infinity":22,"b:34:6:36:Infinity:undefined:undefined:undefined:undefined":7,"s:34:6:36:Infinity":23,"s:35:8:35:Infinity":24,"s:37:6:37:Infinity":25,"b:40:4:48:Infinity:undefined:undefined:undefined:undefined":8,"s:40:4:48:Infinity":26,"b:40:8:40:30:40:30:40:52:40:52:40:73:40:73:40:95:40:95:40:116":9,"b:41:6:43:Infinity:undefined:undefined:undefined:undefined":10,"s:41:6:43:Infinity":27,"s:42:8:42:Infinity":28,"b:44:6:46:Infinity:undefined:undefined:undefined:undefined":11,"s:44:6:46:Infinity":29,"s:45:8:45:Infinity":30,"s:47:6:47:Infinity":31,"b:50:4:58:Infinity:undefined:undefined:undefined:undefined":12,"s:50:4:58:Infinity":32,"b:50:8:50:32:50:32:50:61:50:61:50:84:50:84:50:104":13,"s:51:21:51:Infinity":33,"b:52:6:56:Infinity:54:13:56:Infinity":14,"s:52:6:56:Infinity":34,"s:53:8:53:Infinity":35,"s:55:8:55:Infinity":36,"s:57:6:57:Infinity":37,"b:60:4:62:Infinity:undefined:undefined:undefined:undefined":15,"s:60:4:62:Infinity":38,"b:60:8:60:31:60:31:60:51:60:51:60:72:60:72:60:92":16,"s:61:6:61:Infinity":39,"s:64:4:64:Infinity":40,"s:67:8:94:Infinity":41,"f:67:8:67:22":3,"s:68:4:68:Infinity":42,"b:69:4:69:Infinity:undefined:undefined:undefined:undefined":17,"s:69:4:69:Infinity":43,"s:69:23:69:Infinity":44,"s:72:10:82:Infinity":45,"f:72:10:72:26":4,"s:73:6:81:Infinity":46,"f:73:25:73:Infinity":5,"s:74:8:80:Infinity":47,"b:74:8:80:18:80:18:80:Infinity":18,"s:84:24:84:Infinity":48,"s:85:4:85:Infinity":49,"s:86:4:86:Infinity":50,"s:87:4:87:Infinity":51,"s:89:4:93:Infinity":52,"f:89:4:89:21":6,"s:90:27:90:Infinity":53,"s:91:6:91:Infinity":54,"s:92:6:92:Infinity":55,"s:96:2:271:Infinity":56,"f:136:21:136:26":7,"s:137:25:137:Infinity":57,"s:138:10:183:Infinity":58,"b:142:38:142:46:142:46:142:62":19,"b:146:36:146:49:146:49:146:Infinity":20,"b:148:40:148:56:148:56:148:Infinity":21,"b:158:44:158:65:158:65:158:Infinity":22,"b:165:26:165:67:165:66:165:Infinity":23,"b:172:39:172:67:172:67:172:Infinity":24,"b:173:48:173:75:173:75:173:Infinity":25,"b:175:41:175:64:175:64:175:Infinity":26,"b:187:9:187:Infinity:188:10:218:Infinity":27,"f:231:10:231:21":8,"s:231:27:231:Infinity":59,"b:240:20:240:32:240:32:240:Infinity":28},"fnNames":{}}}
,"/Users/nencybatada/Documents/Projects/Antigravity/Challenge3/src/pages/Calculator.tsx": {"path":"/Users/nencybatada/Documents/Projects/Antigravity/Challenge3/src/pages/Calculator.tsx","statementMap":{"0":{"start":{"line":6,"column":13},"end":{"line":233,"column":null}},"1":{"start":{"line":7,"column":16},"end":{"line":7,"column":null}},"2":{"start":{"line":8,"column":8},"end":{"line":8,"column":null}},"3":{"start":{"line":9,"column":15},"end":{"line":9,"column":null}},"4":{"start":{"line":11,"column":24},"end":{"line":11,"column":null}},"5":{"start":{"line":12,"column":19},"end":{"line":12,"column":null}},"6":{"start":{"line":13,"column":19},"end":{"line":13,"column":null}},"7":{"start":{"line":14,"column":22},"end":{"line":14,"column":null}},"8":{"start":{"line":15,"column":20},"end":{"line":15,"column":null}},"9":{"start":{"line":17,"column":8},"end":{"line":19,"column":null}},"10":{"start":{"line":18,"column":4},"end":{"line":18,"column":null}},"11":{"start":{"line":18,"column":18},"end":{"line":18,"column":null}},"12":{"start":{"line":18,"column":37},"end":{"line":18,"column":59}},"13":{"start":{"line":21,"column":8},"end":{"line":23,"column":null}},"14":{"start":{"line":22,"column":4},"end":{"line":22,"column":null}},"15":{"start":{"line":22,"column":18},"end":{"line":22,"column":null}},"16":{"start":{"line":22,"column":37},"end":{"line":22,"column":59}},"17":{"start":{"line":25,"column":8},"end":{"line":33,"column":null}},"18":{"start":{"line":26,"column":4},"end":{"line":26,"column":null}},"19":{"start":{"line":27,"column":4},"end":{"line":31,"column":null}},"20":{"start":{"line":32,"column":4},"end":{"line":32,"column":null}},"21":{"start":{"line":35,"column":45},"end":{"line":35,"column":null}},"22":{"start":{"line":37,"column":8},"end":{"line":68,"column":null}},"23":{"start":{"line":38,"column":4},"end":{"line":68,"column":null}},"24":{"start":{"line":40,"column":8},"end":{"line":66,"column":null}},"25":{"start":{"line":71,"column":2},"end":{"line":231,"column":null}},"26":{"start":{"line":101,"column":33},"end":{"line":101,"column":null}},"27":{"start":{"line":120,"column":33},"end":{"line":120,"column":null}},"28":{"start":{"line":147,"column":33},"end":{"line":147,"column":null}},"29":{"start":{"line":178,"column":33},"end":{"line":178,"column":null}},"30":{"start":{"line":198,"column":35},"end":{"line":198,"column":null}}},"fnMap":{"0":{"name":"(anonymous_0)","decl":{"start":{"line":6,"column":13},"end":{"line":6,"column":42}},"loc":{"start":{"line":6,"column":42},"end":{"line":233,"column":null}},"line":6},"1":{"name":"(anonymous_1)","decl":{"start":{"line":17,"column":8},"end":{"line":17,"column":27}},"loc":{"start":{"line":17,"column":27},"end":{"line":19,"column":null}},"line":17},"2":{"name":"(anonymous_2)","decl":{"start":{"line":18,"column":18},"end":{"line":18,"column":27}},"loc":{"start":{"line":18,"column":37},"end":{"line":18,"column":59}},"line":18},"3":{"name":"(anonymous_3)","decl":{"start":{"line":21,"column":8},"end":{"line":21,"column":27}},"loc":{"start":{"line":21,"column":27},"end":{"line":23,"column":null}},"line":21},"4":{"name":"(anonymous_4)","decl":{"start":{"line":22,"column":18},"end":{"line":22,"column":27}},"loc":{"start":{"line":22,"column":37},"end":{"line":22,"column":59}},"line":22},"5":{"name":"(anonymous_5)","decl":{"start":{"line":25,"column":8},"end":{"line":25,"column":24}},"loc":{"start":{"line":25,"column":47},"end":{"line":33,"column":null}},"line":25},"6":{"name":"(anonymous_6)","decl":{"start":{"line":37,"column":8},"end":{"line":37,"column":null}},"loc":{"start":{"line":38,"column":4},"end":{"line":68,"column":null}},"line":38},"7":{"name":"(anonymous_7)","decl":{"start":{"line":39,"column":28},"end":{"line":39,"column":33}},"loc":{"start":{"line":40,"column":8},"end":{"line":66,"column":null}},"line":40},"8":{"name":"(anonymous_8)","decl":{"start":{"line":101,"column":16},"end":{"line":101,"column":27}},"loc":{"start":{"line":101,"column":33},"end":{"line":101,"column":null}},"line":101},"9":{"name":"(anonymous_9)","decl":{"start":{"line":120,"column":16},"end":{"line":120,"column":27}},"loc":{"start":{"line":120,"column":33},"end":{"line":120,"column":null}},"line":120},"10":{"name":"(anonymous_10)","decl":{"start":{"line":147,"column":16},"end":{"line":147,"column":27}},"loc":{"start":{"line":147,"column":33},"end":{"line":147,"column":null}},"line":147},"11":{"name":"(anonymous_11)","decl":{"start":{"line":178,"column":16},"end":{"line":178,"column":27}},"loc":{"start":{"line":178,"column":33},"end":{"line":178,"column":null}},"line":178},"12":{"name":"(anonymous_12)","decl":{"start":{"line":198,"column":18},"end":{"line":198,"column":29}},"loc":{"start":{"line":198,"column":35},"end":{"line":198,"column":null}},"line":198}},"branchMap":{"0":{"loc":{"start":{"line":18,"column":4},"end":{"line":18,"column":null}},"type":"if","locations":[{"start":{"line":18,"column":4},"end":{"line":18,"column":null}},{"start":{},"end":{}}],"line":18},"1":{"loc":{"start":{"line":22,"column":4},"end":{"line":22,"column":null}},"type":"if","locations":[{"start":{"line":22,"column":4},"end":{"line":22,"column":null}},{"start":{},"end":{}}],"line":22},"2":{"loc":{"start":{"line":43,"column":28},"end":{"line":43,"column":null}},"type":"cond-expr","locations":[{"start":{"line":43,"column":41},"end":{"line":43,"column":50}},{"start":{"line":43,"column":50},"end":{"line":43,"column":null}}],"line":43},"3":{"loc":{"start":{"line":44,"column":56},"end":{"line":44,"column":null}},"type":"cond-expr","locations":[{"start":{"line":44,"column":67},"end":{"line":44,"column":84}},{"start":{"line":44,"column":84},"end":{"line":44,"column":null}}],"line":44},"4":{"loc":{"start":{"line":44,"column":84},"end":{"line":44,"column":null}},"type":"cond-expr","locations":[{"start":{"line":44,"column":97},"end":{"line":44,"column":112}},{"start":{"line":44,"column":112},"end":{"line":44,"column":null}}],"line":44},"5":{"loc":{"start":{"line":49,"column":33},"end":{"line":49,"column":null}},"type":"cond-expr","locations":[{"start":{"line":49,"column":45},"end":{"line":49,"column":64}},{"start":{"line":49,"column":64},"end":{"line":49,"column":null}}],"line":49},"6":{"loc":{"start":{"line":54,"column":24},"end":{"line":54,"column":null}},"type":"cond-expr","locations":[{"start":{"line":54,"column":37},"end":{"line":54,"column":56}},{"start":{"line":54,"column":56},"end":{"line":54,"column":null}}],"line":54},"7":{"loc":{"start":{"line":59,"column":54},"end":{"line":59,"column":115}},"type":"cond-expr","locations":[{"start":{"line":59,"column":67},"end":{"line":59,"column":91}},{"start":{"line":59,"column":91},"end":{"line":59,"column":115}}],"line":59},"8":{"loc":{"start":{"line":63,"column":11},"end":{"line":66,"column":null}},"type":"binary-expr","locations":[{"start":{"line":63,"column":11},"end":{"line":63,"column":null}},{"start":{"line":64,"column":12},"end":{"line":66,"column":null}}],"line":63},"9":{"loc":{"start":{"line":87,"column":9},"end":{"line":129,"column":null}},"type":"binary-expr","locations":[{"start":{"line":87,"column":9},"end":{"line":87,"column":null}},{"start":{"line":88,"column":10},"end":{"line":129,"column":null}}],"line":87},"10":{"loc":{"start":{"line":133,"column":9},"end":{"line":158,"column":null}},"type":"binary-expr","locations":[{"start":{"line":133,"column":9},"end":{"line":133,"column":null}},{"start":{"line":134,"column":10},"end":{"line":158,"column":null}}],"line":133},"11":{"loc":{"start":{"line":162,"column":9},"end":{"line":207,"column":null}},"type":"binary-expr","locations":[{"start":{"line":162,"column":9},"end":{"line":162,"column":null}},{"start":{"line":163,"column":10},"end":{"line":207,"column":null}}],"line":162},"12":{"loc":{"start":{"line":212,"column":11},"end":{"line":220,"column":18}},"type":"cond-expr","locations":[{"start":{"line":213,"column":12},"end":{"line":217,"column":13}},{"start":{"line":217,"column":12},"end":{"line":220,"column":18}}],"line":212},"13":{"loc":{"start":{"line":220,"column":11},"end":{"line":229,"column":null}},"type":"cond-expr","locations":[{"start":{"line":221,"column":12},"end":{"line":225,"column":13}},{"start":{"line":225,"column":12},"end":{"line":229,"column":null}}],"line":220}},"s":{"0":1,"1":14,"2":14,"3":14,"4":14,"5":14,"6":14,"7":14,"8":14,"9":14,"10":6,"11":6,"12":6,"13":14,"14":1,"15":1,"16":1,"17":14,"18":1,"19":1,"20":1,"21":14,"22":14,"23":14,"24":42,"25":14,"26":0,"27":0,"28":0,"29":0,"30":0},"f":{"0":14,"1":6,"2":6,"3":1,"4":1,"5":1,"6":14,"7":42,"8":0,"9":0,"10":0,"11":0,"12":0},"b":{"0":[6,0],"1":[1,0],"2":[14,28],"3":[10,32],"4":[14,18],"5":[24,18],"6":[14,28],"7":[14,28],"8":[42,28],"9":[14,7],"10":[14,4],"11":[14,3],"12":[7,7],"13":[11,3]},"meta":{"lastBranch":14,"lastFunction":13,"lastStatement":31,"seen":{"s:6:13:233:Infinity":0,"f:6:13:6:42":0,"s:7:16:7:Infinity":1,"s:8:8:8:Infinity":2,"s:9:15:9:Infinity":3,"s:11:24:11:Infinity":4,"s:12:19:12:Infinity":5,"s:13:19:13:Infinity":6,"s:14:22:14:Infinity":7,"s:15:20:15:Infinity":8,"s:17:8:19:Infinity":9,"f:17:8:17:27":1,"b:18:4:18:Infinity:undefined:undefined:undefined:undefined":0,"s:18:4:18:Infinity":10,"s:18:18:18:Infinity":11,"f:18:18:18:27":2,"s:18:37:18:59":12,"s:21:8:23:Infinity":13,"f:21:8:21:27":3,"b:22:4:22:Infinity:undefined:undefined:undefined:undefined":1,"s:22:4:22:Infinity":14,"s:22:18:22:Infinity":15,"f:22:18:22:27":4,"s:22:37:22:59":16,"s:25:8:33:Infinity":17,"f:25:8:25:24":5,"s:26:4:26:Infinity":18,"s:27:4:31:Infinity":19,"s:32:4:32:Infinity":20,"s:35:45:35:Infinity":21,"s:37:8:68:Infinity":22,"f:37:8:37:Infinity":6,"s:38:4:68:Infinity":23,"f:39:28:39:33":7,"s:40:8:66:Infinity":24,"b:43:41:43:50:43:50:43:Infinity":2,"b:44:67:44:84:44:84:44:Infinity":3,"b:44:97:44:112:44:112:44:Infinity":4,"b:49:45:49:64:49:64:49:Infinity":5,"b:54:37:54:56:54:56:54:Infinity":6,"b:59:67:59:91:59:91:59:115":7,"b:63:11:63:Infinity:64:12:66:Infinity":8,"s:71:2:231:Infinity":25,"b:87:9:87:Infinity:88:10:129:Infinity":9,"f:101:16:101:27":8,"s:101:33:101:Infinity":26,"f:120:16:120:27":9,"s:120:33:120:Infinity":27,"b:133:9:133:Infinity:134:10:158:Infinity":10,"f:147:16:147:27":10,"s:147:33:147:Infinity":28,"b:162:9:162:Infinity:163:10:207:Infinity":11,"f:178:16:178:27":11,"s:178:33:178:Infinity":29,"f:198:18:198:29":12,"s:198:35:198:Infinity":30,"b:213:12:217:13:217:12:220:18":12,"b:221:12:225:13:225:12:229:Infinity":13},"fnNames":{}}}
,"/Users/nencybatada/Documents/Projects/Antigravity/Challenge3/src/pages/Dashboard.tsx": {"path":"/Users/nencybatada/Documents/Projects/Antigravity/Challenge3/src/pages/Dashboard.tsx","statementMap":{"0":{"start":{"line":18,"column":13},"end":{"line":239,"column":null}},"1":{"start":{"line":19,"column":40},"end":{"line":19,"column":null}},"2":{"start":{"line":21,"column":25},"end":{"line":21,"column":null}},"3":{"start":{"line":22,"column":26},"end":{"line":22,"column":null}},"4":{"start":{"line":23,"column":27},"end":{"line":23,"column":null}},"5":{"start":{"line":25,"column":18},"end":{"line":29,"column":null}},"6":{"start":{"line":32,"column":22},"end":{"line":37,"column":null}},"7":{"start":{"line":40,"column":22},"end":{"line":40,"column":null}},"8":{"start":{"line":43,"column":24},"end":{"line":43,"column":null}},"9":{"start":{"line":43,"column":44},"end":{"line":43,"column":56}},"10":{"start":{"line":44,"column":27},"end":{"line":44,"column":null}},"11":{"start":{"line":44,"column":47},"end":{"line":44,"column":58}},"12":{"start":{"line":45,"column":23},"end":{"line":45,"column":null}},"13":{"start":{"line":45,"column":62},"end":{"line":45,"column":90}},"14":{"start":{"line":47,"column":2},"end":{"line":237,"column":null}},"15":{"start":{"line":117,"column":20},"end":{"line":117,"column":null}},"16":{"start":{"line":130,"column":14},"end":{"line":135,"column":null}},"17":{"start":{"line":201,"column":20},"end":{"line":201,"column":null}},"18":{"start":{"line":221,"column":16},"end":{"line":225,"column":null}}},"fnMap":{"0":{"name":"(anonymous_0)","decl":{"start":{"line":18,"column":13},"end":{"line":18,"column":41}},"loc":{"start":{"line":18,"column":41},"end":{"line":239,"column":null}},"line":18},"1":{"name":"(anonymous_1)","decl":{"start":{"line":43,"column":32},"end":{"line":43,"column":39}},"loc":{"start":{"line":43,"column":44},"end":{"line":43,"column":56}},"line":43},"2":{"name":"(anonymous_2)","decl":{"start":{"line":44,"column":35},"end":{"line":44,"column":42}},"loc":{"start":{"line":44,"column":47},"end":{"line":44,"column":58}},"line":44},"3":{"name":"(anonymous_3)","decl":{"start":{"line":45,"column":40},"end":{"line":45,"column":48}},"loc":{"start":{"line":45,"column":62},"end":{"line":45,"column":90}},"line":45},"4":{"name":"(anonymous_4)","decl":{"start":{"line":116,"column":27},"end":{"line":116,"column":32}},"loc":{"start":{"line":117,"column":20},"end":{"line":117,"column":null}},"line":117},"5":{"name":"(anonymous_5)","decl":{"start":{"line":129,"column":21},"end":{"line":129,"column":26}},"loc":{"start":{"line":130,"column":14},"end":{"line":135,"column":null}},"line":130},"6":{"name":"(anonymous_6)","decl":{"start":{"line":200,"column":31},"end":{"line":200,"column":36}},"loc":{"start":{"line":201,"column":20},"end":{"line":201,"column":null}},"line":201},"7":{"name":"(anonymous_7)","decl":{"start":{"line":220,"column":28},"end":{"line":220,"column":32}},"loc":{"start":{"line":221,"column":16},"end":{"line":225,"column":null}},"line":221}},"branchMap":{"0":{"loc":{"start":{"line":86,"column":53},"end":{"line":86,"column":107}},"type":"cond-expr","locations":[{"start":{"line":86,"column":72},"end":{"line":86,"column":91}},{"start":{"line":86,"column":91},"end":{"line":86,"column":107}}],"line":86},"1":{"loc":{"start":{"line":87,"column":17},"end":{"line":87,"column":null}},"type":"cond-expr","locations":[{"start":{"line":87,"column":36},"end":{"line":87,"column":66}},{"start":{"line":87,"column":66},"end":{"line":87,"column":null}}],"line":87},"2":{"loc":{"start":{"line":104,"column":150},"end":{"line":104,"column":174}},"type":"binary-expr","locations":[{"start":{"line":104,"column":150},"end":{"line":104,"column":168}},{"start":{"line":104,"column":168},"end":{"line":104,"column":174}}],"line":104},"3":{"loc":{"start":{"line":104,"column":229},"end":{"line":104,"column":253}},"type":"binary-expr","locations":[{"start":{"line":104,"column":229},"end":{"line":104,"column":247}},{"start":{"line":104,"column":247},"end":{"line":104,"column":253}}],"line":104},"4":{"loc":{"start":{"line":104,"column":312},"end":{"line":104,"column":336}},"type":"binary-expr","locations":[{"start":{"line":104,"column":312},"end":{"line":104,"column":330}},{"start":{"line":104,"column":330},"end":{"line":104,"column":336}}],"line":104},"5":{"loc":{"start":{"line":133,"column":58},"end":{"line":133,"column":82}},"type":"binary-expr","locations":[{"start":{"line":133,"column":58},"end":{"line":133,"column":76}},{"start":{"line":133,"column":76},"end":{"line":133,"column":82}}],"line":133},"6":{"loc":{"start":{"line":219,"column":13},"end":{"line":231,"column":null}},"type":"cond-expr","locations":[{"start":{"line":220,"column":14},"end":{"line":226,"column":null}},{"start":{"line":228,"column":14},"end":{"line":231,"column":null}}],"line":219}},"s":{"0":1,"1":6,"2":6,"3":6,"4":6,"5":6,"6":6,"7":6,"8":6,"9":12,"10":6,"11":12,"12":6,"13":6,"14":6,"15":18,"16":18,"17":24,"18":6},"f":{"0":6,"1":12,"2":12,"3":6,"4":18,"5":18,"6":24,"7":6},"b":{"0":[0,6],"1":[0,6],"2":[6,0],"3":[6,0],"4":[6,0],"5":[18,0],"6":[6,0]},"meta":{"lastBranch":7,"lastFunction":8,"lastStatement":19,"seen":{"s:18:13:239:Infinity":0,"f:18:13:18:41":0,"s:19:40:19:Infinity":1,"s:21:25:21:Infinity":2,"s:22:26:22:Infinity":3,"s:23:27:23:Infinity":4,"s:25:18:29:Infinity":5,"s:32:22:37:Infinity":6,"s:40:22:40:Infinity":7,"s:43:24:43:Infinity":8,"f:43:32:43:39":1,"s:43:44:43:56":9,"s:44:27:44:Infinity":10,"f:44:35:44:42":2,"s:44:47:44:58":11,"s:45:23:45:Infinity":12,"f:45:40:45:48":3,"s:45:62:45:90":13,"s:47:2:237:Infinity":14,"b:86:72:86:91:86:91:86:107":0,"b:87:36:87:66:87:66:87:Infinity":1,"b:104:150:104:168:104:168:104:174":2,"b:104:229:104:247:104:247:104:253":3,"b:104:312:104:330:104:330:104:336":4,"f:116:27:116:32":4,"s:117:20:117:Infinity":15,"f:129:21:129:26":5,"s:130:14:135:Infinity":16,"b:133:58:133:76:133:76:133:82":5,"f:200:31:200:36":6,"s:201:20:201:Infinity":17,"b:220:14:226:Infinity:228:14:231:Infinity":6,"f:220:28:220:32":7,"s:221:16:225:Infinity":18},"fnNames":{}}}
,"/Users/nencybatada/Documents/Projects/Antigravity/Challenge3/src/utils/FootprintContext.tsx": {"path":"/Users/nencybatada/Documents/Projects/Antigravity/Challenge3/src/utils/FootprintContext.tsx","statementMap":{"0":{"start":{"line":51,"column":35},"end":{"line":55,"column":null}},"1":{"start":{"line":57,"column":44},"end":{"line":103,"column":null}},"2":{"start":{"line":105,"column":6},"end":{"line":105,"column":null}},"3":{"start":{"line":107,"column":13},"end":{"line":200,"column":null}},"4":{"start":{"line":108,"column":15},"end":{"line":111,"column":null}},"5":{"start":{"line":109,"column":18},"end":{"line":109,"column":null}},"6":{"start":{"line":110,"column":4},"end":{"line":110,"column":null}},"7":{"start":{"line":113,"column":18},"end":{"line":116,"column":null}},"8":{"start":{"line":114,"column":18},"end":{"line":114,"column":null}},"9":{"start":{"line":115,"column":4},"end":{"line":115,"column":null}},"10":{"start":{"line":118,"column":22},"end":{"line":135,"column":null}},"11":{"start":{"line":119,"column":18},"end":{"line":119,"column":null}},"12":{"start":{"line":120,"column":4},"end":{"line":126,"column":null}},"13":{"start":{"line":121,"column":21},"end":{"line":121,"column":null}},"14":{"start":{"line":122,"column":6},"end":{"line":125,"column":null}},"15":{"start":{"line":122,"column":34},"end":{"line":125,"column":8}},"16":{"start":{"line":127,"column":4},"end":{"line":134,"column":null}},"17":{"start":{"line":137,"column":2},"end":{"line":139,"column":null}},"18":{"start":{"line":138,"column":4},"end":{"line":138,"column":null}},"19":{"start":{"line":141,"column":2},"end":{"line":143,"column":null}},"20":{"start":{"line":142,"column":4},"end":{"line":142,"column":null}},"21":{"start":{"line":145,"column":2},"end":{"line":147,"column":null}},"22":{"start":{"line":146,"column":4},"end":{"line":146,"column":null}},"23":{"start":{"line":149,"column":8},"end":{"line":151,"column":null}},"24":{"start":{"line":150,"column":4},"end":{"line":150,"column":null}},"25":{"start":{"line":150,"column":23},"end":{"line":150,"column":47}},"26":{"start":{"line":155,"column":8},"end":{"line":159,"column":null}},"27":{"start":{"line":156,"column":4},"end":{"line":158,"column":null}},"28":{"start":{"line":157,"column":6},"end":{"line":157,"column":null}},"29":{"start":{"line":157,"column":25},"end":{"line":157,"column":85}},"30":{"start":{"line":161,"column":8},"end":{"line":171,"column":null}},"31":{"start":{"line":162,"column":4},"end":{"line":170,"column":null}},"32":{"start":{"line":162,"column":29},"end":{"line":170,"column":5}},"33":{"start":{"line":173,"column":8},"end":{"line":182,"column":null}},"34":{"start":{"line":174,"column":4},"end":{"line":181,"column":null}},"35":{"start":{"line":184,"column":2},"end":{"line":198,"column":null}},"36":{"start":{"line":202,"column":13},"end":{"line":208,"column":null}},"37":{"start":{"line":203,"column":8},"end":{"line":203,"column":null}},"38":{"start":{"line":204,"column":2},"end":{"line":206,"column":null}},"39":{"start":{"line":205,"column":4},"end":{"line":205,"column":null}},"40":{"start":{"line":207,"column":2},"end":{"line":207,"column":null}}},"fnMap":{"0":{"name":"(anonymous_0)","decl":{"start":{"line":107,"column":13},"end":{"line":107,"column":75}},"loc":{"start":{"line":107,"column":92},"end":{"line":200,"column":null}},"line":107},"1":{"name":"(anonymous_1)","decl":{"start":{"line":108,"column":26},"end":{"line":108,"column":56}},"loc":{"start":{"line":108,"column":56},"end":{"line":111,"column":3}},"line":108},"2":{"name":"(anonymous_2)","decl":{"start":{"line":113,"column":32},"end":{"line":113,"column":68}},"loc":{"start":{"line":113,"column":68},"end":{"line":116,"column":3}},"line":113},"3":{"name":"(anonymous_3)","decl":{"start":{"line":118,"column":40},"end":{"line":118,"column":70}},"loc":{"start":{"line":118,"column":70},"end":{"line":135,"column":3}},"line":118},"4":{"name":"(anonymous_4)","decl":{"start":{"line":122,"column":20},"end":{"line":122,"column":25}},"loc":{"start":{"line":122,"column":34},"end":{"line":125,"column":8}},"line":122},"5":{"name":"(anonymous_5)","decl":{"start":{"line":137,"column":2},"end":{"line":137,"column":18}},"loc":{"start":{"line":137,"column":18},"end":{"line":139,"column":5}},"line":137},"6":{"name":"(anonymous_6)","decl":{"start":{"line":141,"column":2},"end":{"line":141,"column":18}},"loc":{"start":{"line":141,"column":18},"end":{"line":143,"column":5}},"line":141},"7":{"name":"(anonymous_7)","decl":{"start":{"line":145,"column":2},"end":{"line":145,"column":18}},"loc":{"start":{"line":145,"column":18},"end":{"line":147,"column":5}},"line":145},"8":{"name":"(anonymous_8)","decl":{"start":{"line":149,"column":21},"end":{"line":149,"column":34}},"loc":{"start":{"line":149,"column":70},"end":{"line":151,"column":5}},"line":149},"9":{"name":"(anonymous_9)","decl":{"start":{"line":150,"column":4},"end":{"line":150,"column":13}},"loc":{"start":{"line":150,"column":23},"end":{"line":150,"column":47}},"line":150},"10":{"name":"(anonymous_10)","decl":{"start":{"line":155,"column":23},"end":{"line":155,"column":36}},"loc":{"start":{"line":155,"column":51},"end":{"line":159,"column":5}},"line":155},"11":{"name":"(anonymous_11)","decl":{"start":{"line":156,"column":4},"end":{"line":156,"column":16}},"loc":{"start":{"line":157,"column":6},"end":{"line":157,"column":null}},"line":157},"12":{"name":"(anonymous_12)","decl":{"start":{"line":157,"column":11},"end":{"line":157,"column":16}},"loc":{"start":{"line":157,"column":25},"end":{"line":157,"column":85}},"line":157},"13":{"name":"(anonymous_13)","decl":{"start":{"line":161,"column":25},"end":{"line":161,"column":38}},"loc":{"start":{"line":161,"column":85},"end":{"line":171,"column":5}},"line":161},"14":{"name":"(anonymous_14)","decl":{"start":{"line":162,"column":4},"end":{"line":162,"column":20}},"loc":{"start":{"line":162,"column":29},"end":{"line":170,"column":5}},"line":162},"15":{"name":"(anonymous_15)","decl":{"start":{"line":173,"column":23},"end":{"line":173,"column":41}},"loc":{"start":{"line":173,"column":41},"end":{"line":182,"column":5}},"line":173},"16":{"name":"(anonymous_16)","decl":{"start":{"line":202,"column":13},"end":{"line":202,"column":34}},"loc":{"start":{"line":202,"column":34},"end":{"line":208,"column":null}},"line":202}},"branchMap":{"0":{"loc":{"start":{"line":110,"column":11},"end":{"line":110,"column":null}},"type":"cond-expr","locations":[{"start":{"line":110,"column":19},"end":{"line":110,"column":39}},{"start":{"line":110,"column":39},"end":{"line":110,"column":null}}],"line":110},"1":{"loc":{"start":{"line":115,"column":11},"end":{"line":115,"column":null}},"type":"cond-expr","locations":[{"start":{"line":115,"column":19},"end":{"line":115,"column":39}},{"start":{"line":115,"column":39},"end":{"line":115,"column":null}}],"line":115},"2":{"loc":{"start":{"line":120,"column":4},"end":{"line":126,"column":null}},"type":"if","locations":[{"start":{"line":120,"column":4},"end":{"line":126,"column":null}},{"start":{},"end":{}}],"line":120},"3":{"loc":{"start":{"line":157,"column":25},"end":{"line":157,"column":85}},"type":"cond-expr","locations":[{"start":{"line":157,"column":41},"end":{"line":157,"column":81}},{"start":{"line":157,"column":81},"end":{"line":157,"column":85}}],"line":157},"4":{"loc":{"start":{"line":204,"column":2},"end":{"line":206,"column":null}},"type":"if","locations":[{"start":{"line":204,"column":2},"end":{"line":206,"column":null}},{"start":{},"end":{}}],"line":204}},"s":{"0":2,"1":2,"2":2,"3":2,"4":21,"5":6,"6":6,"7":21,"8":6,"9":6,"10":21,"11":6,"12":6,"13":0,"14":0,"15":0,"16":6,"17":21,"18":7,"19":21,"20":8,"21":21,"22":18,"23":21,"24":1,"25":1,"26":21,"27":2,"28":2,"29":10,"30":21,"31":12,"32":12,"33":21,"34":1,"35":21,"36":2,"37":26,"38":26,"39":0,"40":26},"f":{"0":21,"1":6,"2":6,"3":6,"4":0,"5":7,"6":8,"7":18,"8":1,"9":1,"10":2,"11":2,"12":10,"13":12,"14":12,"15":1,"16":26},"b":{"0":[0,6],"1":[0,6],"2":[0,6],"3":[2,8],"4":[0,26]},"meta":{"lastBranch":5,"lastFunction":17,"lastStatement":41,"seen":{"s:51:35:55:Infinity":0,"s:57:44:103:Infinity":1,"s:105:6:105:Infinity":2,"s:107:13:200:Infinity":3,"f:107:13:107:75":0,"s:108:15:111:Infinity":4,"f:108:26:108:56":1,"s:109:18:109:Infinity":5,"s:110:4:110:Infinity":6,"b:110:19:110:39:110:39:110:Infinity":0,"s:113:18:116:Infinity":7,"f:113:32:113:68":2,"s:114:18:114:Infinity":8,"s:115:4:115:Infinity":9,"b:115:19:115:39:115:39:115:Infinity":1,"s:118:22:135:Infinity":10,"f:118:40:118:70":3,"s:119:18:119:Infinity":11,"b:120:4:126:Infinity:undefined:undefined:undefined:undefined":2,"s:120:4:126:Infinity":12,"s:121:21:121:Infinity":13,"s:122:6:125:Infinity":14,"f:122:20:122:25":4,"s:122:34:125:8":15,"s:127:4:134:Infinity":16,"s:137:2:139:Infinity":17,"f:137:2:137:18":5,"s:138:4:138:Infinity":18,"s:141:2:143:Infinity":19,"f:141:2:141:18":6,"s:142:4:142:Infinity":20,"s:145:2:147:Infinity":21,"f:145:2:145:18":7,"s:146:4:146:Infinity":22,"s:149:8:151:Infinity":23,"f:149:21:149:34":8,"s:150:4:150:Infinity":24,"f:150:4:150:13":9,"s:150:23:150:47":25,"s:155:8:159:Infinity":26,"f:155:23:155:36":10,"s:156:4:158:Infinity":27,"f:156:4:156:16":11,"s:157:6:157:Infinity":28,"f:157:11:157:16":12,"s:157:25:157:85":29,"b:157:41:157:81:157:81:157:85":3,"s:161:8:171:Infinity":30,"f:161:25:161:38":13,"s:162:4:170:Infinity":31,"f:162:4:162:20":14,"s:162:29:170:5":32,"s:173:8:182:Infinity":33,"f:173:23:173:41":15,"s:174:4:181:Infinity":34,"s:184:2:198:Infinity":35,"s:202:13:208:Infinity":36,"f:202:13:202:34":16,"s:203:8:203:Infinity":37,"b:204:2:206:Infinity:undefined:undefined:undefined:undefined":4,"s:204:2:206:Infinity":38,"s:205:4:205:Infinity":39,"s:207:2:207:Infinity":40},"fnNames":{}}}
,"/Users/nencybatada/Documents/Projects/Antigravity/Challenge3/src/utils/calculations.ts": {"path":"/Users/nencybatada/Documents/Projects/Antigravity/Challenge3/src/utils/calculations.ts","statementMap":{"0":{"start":{"line":19,"column":79},"end":{"line":24,"column":null}},"1":{"start":{"line":25,"column":29},"end":{"line":25,"column":null}},"2":{"start":{"line":28,"column":69},"end":{"line":33,"column":null}},"3":{"start":{"line":34,"column":24},"end":{"line":34,"column":null}},"4":{"start":{"line":37,"column":23},"end":{"line":37,"column":null}},"5":{"start":{"line":38,"column":26},"end":{"line":38,"column":null}},"6":{"start":{"line":40,"column":20},"end":{"line":40,"column":null}},"7":{"start":{"line":41,"column":15},"end":{"line":41,"column":null}},"8":{"start":{"line":42,"column":17},"end":{"line":42,"column":null}},"9":{"start":{"line":44,"column":2},"end":{"line":44,"column":null}}},"fnMap":{"0":{"name":"calculateEmissions","decl":{"start":{"line":17,"column":16},"end":{"line":17,"column":35}},"loc":{"start":{"line":17,"column":73},"end":{"line":45,"column":null}},"line":17}},"branchMap":{"0":{"loc":{"start":{"line":37,"column":23},"end":{"line":37,"column":null}},"type":"cond-expr","locations":[{"start":{"line":37,"column":47},"end":{"line":37,"column":54}},{"start":{"line":37,"column":54},"end":{"line":37,"column":null}}],"line":37}},"s":{"0":29,"1":29,"2":29,"3":29,"4":29,"5":29,"6":29,"7":29,"8":29,"9":29},"f":{"0":29},"b":{"0":[1,28]},"meta":{"lastBranch":1,"lastFunction":1,"lastStatement":10,"seen":{"f:17:16:17:35":0,"s:19:79:24:Infinity":0,"s:25:29:25:Infinity":1,"s:28:69:33:Infinity":2,"s:34:24:34:Infinity":3,"s:37:23:37:Infinity":4,"b:37:47:37:54:37:54:37:Infinity":0,"s:38:26:38:Infinity":5,"s:40:20:40:Infinity":6,"s:41:15:41:Infinity":7,"s:42:17:42:Infinity":8,"s:44:2:44:Infinity":9},"fnNames":{}}}
}
